<?xml version="1.0" encoding="UTF-8"?>
<!-- Generated by org.testng.reporters.JUnitReportReporter -->
<testsuite skipped="5" hostname="DESKTOP-H6OAKCI" name="tests.HotelLogin" tests="6" failures="0" timestamp="12 Jul 2020 17:53:20 GMT" time="16.204" errors="0">
  <testcase name="loginWithParameters" time="16.204" classname="tests.HotelLogin"/>
  <testcase name="loginToHotelPage" classname="tests.HotelLogin">
    <skipped/>
  </testcase> <!-- loginToHotelPage -->
  <testcase name="testfive" classname="tests.HotelLogin">
    <skipped/>
  </testcase> <!-- testfive -->
  <testcase name="testfour" classname="tests.HotelLogin">
    <skipped/>
  </testcase> <!-- testfour -->
  <testcase name="testsix" classname="tests.HotelLogin">
    <skipped/>
  </testcase> <!-- testsix -->
  <testcase name="testthree" classname="tests.HotelLogin">
    <skipped/>
  </testcase> <!-- testthree -->
</testsuite> <!-- tests.HotelLogin -->
