<?xml version="1.0" encoding="UTF-8"?>
<!-- Generated by org.testng.reporters.JUnitReportReporter -->
<testsuite skipped="0" hostname="DESKTOP-H6OAKCI" name="tests.ParallelTest" tests="2" failures="0" timestamp="12 Jul 2020 18:33:24 GMT" time="17.604" errors="0">
  <testcase name="firefox" time="9.992" classname="tests.ParallelTest"/>
  <testcase name="chrome" time="7.612" classname="tests.ParallelTest"/>
</testsuite> <!-- tests.ParallelTest -->
